
Database Generation
Generation: Check model starting...
Generation: Check model successful.
Generation starting...
Sorting objects...
Sort completed.
Creating Tables...
-> Creating keys of the table Address (Address)...
-> Key : Key_CstAdd (Key_CstAdd)
-> Creating keys of the table AlarmCategory (AlarmCategory)...
-> Key : Key_AlState (Key_AlState)
-> Creating keys of the table BillingFileFormats (BillingFileFormats)...
-> Key : Key_1 (Key_1)
-> Creating keys of the table CALCBASE (CALCBASE)...
-> Key : Key_1 (Key_1)
-> Creating keys of the table CALCCOMPONENT (CALCCOMPONENT)...
-> Key : Key_1 (Key_1)
-> Creating keys of the table CAPBANK (CAPBANK)...
-> Key : Key_CapBank (Key_CapBank)
-> Creating keys of the table CAPCONTROLSUBSTATIONBUS (CAPCONTROLSUBSTATIONBUS)...
-> Key : SYS_C0013476 (SYS_C0013476)
-> Creating keys of the table CCFeederBankList (CCFeederBankList)...
-> Key : Key_1 (Key_1)
-> Creating keys of the table CCFeederSubAssignment (CCFeederSubAssignment)...
-> Key : Key_1 (Key_1)
-> Creating keys of the table CICustomerBase (CICustomerBase)...
-> Key : Key_CstBse (Key_CstBse)
-> Creating keys of the table COLUMNTYPE (COLUMNTYPE)...
-> Key : SYS_C0013414 (SYS_C0013414)
-> Creating keys of the table CTIDatabase (CTIDatabase)...
-> Key : Key_CTIDb (Key_CTIDb)
-> Creating keys of the table CapControlFeeder (CapControlFeeder)...
-> Key : Key_1 (Key_1)
-> Creating keys of the table CarrierRoute (CarrierRoute)...
-> Key : Key_1 (Key_1)
-> Creating keys of the table CommErrorHistory (CommErrorHistory)...
-> Key : Key_1 (Key_1)
-> Creating keys of the table CommPort (CommPort)...
-> Key : SYS_C0013112 (SYS_C0013112)
-> Creating keys of the table Contact (Contact)...
-> Key : Key_CsCnt (Key_CsCnt)
-> Creating keys of the table ContactNotification (ContactNotification)...
-> Key : Key_CsCnt (Key_CsCnt)
-> Creating keys of the table Customer (Customer)...
-> Key : Key_CstBse (Key_CstBse)
-> Creating keys of the table CustomerAdditionalContact (CustomerAdditionalContact)...
-> Key : Key_CstCnt (Key_CstCnt)
-> Creating keys of the table CustomerBaseLine (CustomerBaseLine)...
-> Key : Key_1 (Key_1)
-> Creating keys of the table CustomerBaseLinePoint (CustomerBaseLinePoint)...
-> Key : Key_1 (Key_1)
-> Creating keys of the table CustomerLoginSerialGroup (CustomerLoginSerialGroup)...
-> Key : Key_1 (Key_1)
-> Creating keys of the table DEVICE (DEVICE)...
-> Key : PK_DEV_DEVICEID (PK_DEV_DEVICEID)
-> Creating keys of the table DEVICE2WAYFLAGS (DEVICE2WAYFLAGS)...
-> Key : Key_1 (Key_1)
-> Creating keys of the table DEVICECARRIERSETTINGS (DEVICECARRIERSETTINGS)...
-> Key : Key_1 (Key_1)
-> Creating keys of the table DEVICEDIALUPSETTINGS (DEVICEDIALUPSETTINGS)...
-> Key : Key_1 (Key_1)
-> Creating keys of the table DEVICEIDLCREMOTE (DEVICEIDLCREMOTE)...
-> Key : Key_1 (Key_1)
-> Creating keys of the table DEVICEIED (DEVICEIED)...
-> Key : Key_1 (Key_1)
-> Creating keys of the table DEVICELOADPROFILE (DEVICELOADPROFILE)...
-> Key : Key_1 (Key_1)
-> Creating keys of the table DEVICEMCTIEDPORT (DEVICEMCTIEDPORT)...
-> Key : Key_1 (Key_1)
-> Creating keys of the table DEVICEMETERGROUP (DEVICEMETERGROUP)...
-> Key : Key_1 (Key_1)
-> Creating keys of the table DEVICESCANRATE (DEVICESCANRATE)...
-> Key : Key_1 (Key_1)
-> Creating keys of the table DEVICETAPPAGINGSETTINGS (DEVICETAPPAGINGSETTINGS)...
-> Key : Key_1 (Key_1)
-> Creating keys of the table DISPLAY (DISPLAY)...
-> Key : SYS_C0013412 (SYS_C0013412)
-> Creating keys of the table DISPLAY2WAYDATA (DISPLAY2WAYDATA)...
-> Key : Key_1 (Key_1)
-> Creating keys of the table DISPLAYCOLUMNS (DISPLAYCOLUMNS)...
-> Key : Key_1 (Key_1)
-> Creating keys of the table DYNAMICACCUMULATOR (DYNAMICACCUMULATOR)...
-> Key : Key_1 (Key_1)
-> Creating keys of the table DYNAMICDEVICESCANDATA (DYNAMICDEVICESCANDATA)...
-> Key : Key_1 (Key_1)
-> Creating keys of the table DYNAMICPOINTDISPATCH (DYNAMICPOINTDISPATCH)...
-> Key : Key_1 (Key_1)
-> Creating keys of the table DateOfHoliday (DateOfHoliday)...
-> Key : Key_1 (Key_1)
-> Creating keys of the table DeviceCBC (DeviceCBC)...
-> Key : Key_1 (Key_1)
-> Creating keys of the table DeviceCustomerList (DeviceCustomerList)...
-> Key : Key_DevCstLst (Key_DevCstLst)
-> Creating keys of the table DeviceDNP (DeviceDNP)...
-> Key : Key_1 (Key_1)
-> Creating keys of the table DeviceDirectCommSettings (DeviceDirectCommSettings)...
-> Key : Key_1 (Key_1)
-> Creating keys of the table DeviceRoutes (DeviceRoutes)...
-> Key : Key_1 (Key_1)
-> Creating keys of the table DeviceWindow (DeviceWindow)...
-> Key : Key_1 (Key_1)
-> Creating keys of the table DynamicCCCapBank (DynamicCCCapBank)...
-> Key : Key_1 (Key_1)
-> Creating keys of the table DynamicCCFeeder (DynamicCCFeeder)...
-> Key : Key_1 (Key_1)
-> Creating keys of the table DynamicCCSubstationBus (DynamicCCSubstationBus)...
-> Key : Key_1 (Key_1)
-> Creating keys of the table DynamicCalcHistorical (DynamicCalcHistorical)...
-> Key : PK_DyCalcHis (PK_DyCalcHis)
-> Creating keys of the table DynamicLMControlArea (DynamicLMControlArea)...
-> Key : Key_DynLMCnAr (Key_DynLMCnAr)
-> Creating keys of the table DynamicLMControlAreaTrigger (DynamicLMControlAreaTrigger)...
-> Key : Key_1 (Key_1)
-> Creating keys of the table DynamicLMGroup (DynamicLMGroup)...
-> Key : Key_DyLmGrp (Key_DyLmGrp)
-> Creating keys of the table DynamicLMProgram (DynamicLMProgram)...
-> Key : Key_DyLmPrg (Key_DyLmPrg)
-> Creating keys of the table DynamicLMProgramDirect (DynamicLMProgramDirect)...
-> Key : Key_DyLmPrDir (Key_DyLmPrDir)
-> Creating keys of the table DynamicPAOStatistics (DynamicPAOStatistics)...
-> Key : Key_1 (Key_1)
-> Creating keys of the table EnergyCompany (EnergyCompany)...
-> Key : PK_EnCmpID (PK_EnCmpID)
-> Creating keys of the table EnergyCompanyCustomerList (EnergyCompanyCustomerList)...
-> Key : Key_1 (Key_1)
-> Creating keys of the table EnergyCompanyOperatorLoginList (EnergyCompanyOperatorLoginList)...
-> Key : Key_1 (Key_1)
-> Creating keys of the table FDRInterface (FDRInterface)...
-> Key : Key_FDInter (Key_FDInter)
-> Creating keys of the table FDRInterfaceOption (FDRInterfaceOption)...
-> Key : Key_FDIntOpt (Key_FDIntOpt)
-> Creating keys of the table FDRTRANSLATION (FDRTRANSLATION)...
-> Key : Key_FDRTrans_PK (Key_FDRTrans_PK)
-> Creating keys of the table FDRTelegyrGroup (FDRTelegyrGroup)...
-> Key : Key_1 (Key_1)
-> Creating keys of the table GRAPHDATASERIES (GRAPHDATASERIES)...
-> Key : SYS_GrphDserID (SYS_GrphDserID)
-> Creating keys of the table GRAPHDEFINITION (GRAPHDEFINITION)...
-> Key : SYS_C0015109 (SYS_C0015109)
-> Creating keys of the table GatewayEndDevice (GatewayEndDevice)...
-> Key : Key_1 (Key_1)
-> Creating keys of the table GenericMacro (GenericMacro)...
-> Key : Key_1 (Key_1)
-> Creating keys of the table GraphCustomerList (GraphCustomerList)...
-> Key : Key_GrCsLs (Key_GrCsLs)
-> Creating keys of the table HolidaySchedule (HolidaySchedule)...
-> Key : Key_1 (Key_1)
-> Creating keys of the table LMCONTROLAREAPROGRAM (LMCONTROLAREAPROGRAM)...
-> Key : Key_1 (Key_1)
-> Creating keys of the table LMCONTROLAREATRIGGER (LMCONTROLAREATRIGGER)...
-> Key : Key_1 (Key_1)
-> Creating keys of the table LMControlArea (LMControlArea)...
-> Key : Key_LmCntAr (Key_LmCntAr)
-> Creating keys of the table LMControlHistory (LMControlHistory)...
-> Key : Key_1 (Key_1)
-> Creating keys of the table LMCurtailCustomerActivity (LMCurtailCustomerActivity)...
-> Key : Key_1 (Key_1)
-> Creating keys of the table LMCurtailProgramActivity (LMCurtailProgramActivity)...
-> Key : Key_LmCuPrAct (Key_LmCuPrAct)
-> Creating keys of the table LMDirectCustomerList (LMDirectCustomerList)...
-> Key : Key_1 (Key_1)
-> Creating keys of the table LMDirectOperatorList (LMDirectOperatorList)...
-> Key : Key_1 (Key_1)
-> Creating keys of the table LMEnergyExchangeCustomerList (LMEnergyExchangeCustomerList)...
-> Key : Key_EExcCsLs (Key_EExcCsLs)
-> Creating keys of the table LMEnergyExchangeCustomerReply (LMEnergyExchangeCustomerReply)...
-> Key : Key_LmEExCsRp (Key_LmEExCsRp)
-> Creating keys of the table LMEnergyExchangeHourlyCustomer (LMEnergyExchangeHourlyCustomer)...
-> Key : Key_LmEExHrCs (Key_LmEExHrCs)
-> Creating keys of the table LMEnergyExchangeHourlyOffer (LMEnergyExchangeHourlyOffer)...
-> Key : Key_LmEExHrOf (Key_LmEExHrOf)
-> Creating keys of the table LMEnergyExchangeOfferRevision (LMEnergyExchangeOfferRevision)...
-> Key : Key_LmEnExOfRe (Key_LmEnExOfRe)
-> Creating keys of the table LMEnergyExchangeProgramOffer (LMEnergyExchangeProgramOffer)...
-> Key : Key_LmEExPrOf (Key_LmEExPrOf)
-> Creating keys of the table LMGroup (LMGroup)...
-> Key : Key_LMGrp (Key_LMGrp)
-> Creating keys of the table LMGroupEmetcon (LMGroupEmetcon)...
-> Key : Key_1 (Key_1)
-> Creating keys of the table LMGroupExpressCom (LMGroupExpressCom)...
-> Key : Key_1 (Key_1)
-> Creating keys of the table LMGroupExpressComAddress (LMGroupExpressComAddress)...
-> Key : Key_1 (Key_1)
-> Creating keys of the table LMGroupMCT (LMGroupMCT)...
-> Key : Key_1 (Key_1)
-> Creating keys of the table LMGroupPoint (LMGroupPoint)...
-> Key : Key_1 (Key_1)
-> Creating keys of the table LMGroupRipple (LMGroupRipple)...
-> Key : Key_1 (Key_1)
-> Creating keys of the table LMGroupVersacom (LMGroupVersacom)...
-> Key : Key_1 (Key_1)
-> Creating keys of the table LMMACSScheduleOperatorList (LMMACSScheduleOperatorList)...
-> Key : Key_1 (Key_1)
-> Creating keys of the table LMMacsScheduleCustomerList (LMMacsScheduleCustomerList)...
-> Key : Key_LMMacScSL (Key_LMMacScSL)
-> Creating keys of the table LMPROGRAM (LMPROGRAM)...
-> Key : Key_LmPrg (Key_LmPrg)
-> Creating keys of the table LMProgramControlWindow (LMProgramControlWindow)...
-> Key : Key_1 (Key_1)
-> Creating keys of the table LMProgramCurtailCustomerList (LMProgramCurtailCustomerList)...
-> Key : Key_LmPrCrCsLs (Key_LmPrCrCsLs)
-> Creating keys of the table LMProgramCurtailment (LMProgramCurtailment)...
-> Key : Key_LMPrCur (Key_LMPrCur)
-> Creating keys of the table LMProgramDirect (LMProgramDirect)...
-> Key : Key_LmPrDir (Key_LmPrDir)
-> Creating keys of the table LMProgramDirectGear (LMProgramDirectGear)...
-> Key : Key_LMPrDirG (Key_LMPrDirG)
-> Creating keys of the table LMProgramDirectGroup (LMProgramDirectGroup)...
-> Key : Key_1 (Key_1)
-> Creating keys of the table LMProgramEnergyExchange (LMProgramEnergyExchange)...
-> Key : Key_LmPrgEnEx (Key_LmPrgEnEx)
-> Creating keys of the table LMThermoStatGear (LMThermoStatGear)...
-> Key : Key_1 (Key_1)
-> Creating keys of the table LOGIC (LOGIC)...
-> Key : SYS_C0013445 (SYS_C0013445)
-> Creating keys of the table MACROROUTE (MACROROUTE)...
-> Key : Key_1 (Key_1)
-> Creating keys of the table MACSchedule (MACSchedule)...
-> Key : PKey_MACSchedule (PKey_MACSchedule)
-> Creating keys of the table MACSimpleSchedule (MACSimpleSchedule)...
-> Key : PKey_MACSimpSched (PKey_MACSimpSched)
-> Creating keys of the table MCTBroadCastMapping (MCTBroadCastMapping)...
-> Key : Key_1 (Key_1)
-> Creating keys of the table NotificationDestination (NotificationDestination)...
-> Key : Key_NotDes (Key_NotDes)
-> Creating keys of the table NotificationGroup (NotificationGroup)...
-> Key : Key_NotGrp (Key_NotGrp)
-> Creating keys of the table OperatorLoginGraphList (OperatorLoginGraphList)...
-> Key : Key_1 (Key_1)
-> Creating keys of the table OperatorSerialGroup (OperatorSerialGroup)...
-> Key : PK_OpSerGrp (PK_OpSerGrp)
-> Creating keys of the table PAOExclusion (PAOExclusion)...
-> Key : PKey_ExclusPAO (PKey_ExclusPAO)
-> Creating keys of the table PAOowner (PAOowner)...
-> Key : Key_1 (Key_1)
-> Creating keys of the table POINT (POINT)...
-> Key : Key_PT_PTID (Key_PT_PTID)
-> Creating keys of the table POINTACCUMULATOR (POINTACCUMULATOR)...
-> Key : Key_1 (Key_1)
-> Creating keys of the table POINTANALOG (POINTANALOG)...
-> Key : Key_1 (Key_1)
-> Creating keys of the table POINTLIMITS (POINTLIMITS)...
-> Key : Key_1 (Key_1)
-> Creating keys of the table POINTSTATUS (POINTSTATUS)...
-> Key : Key_1 (Key_1)
-> Creating keys of the table POINTUNIT (POINTUNIT)...
-> Key : Key_1 (Key_1)
-> Creating keys of the table PORTDIALUPMODEM (PORTDIALUPMODEM)...
-> Key : Key_1 (Key_1)
-> Creating keys of the table PORTLOCALSERIAL (PORTLOCALSERIAL)...
-> Key : Key_1 (Key_1)
-> Creating keys of the table PORTRADIOSETTINGS (PORTRADIOSETTINGS)...
-> Key : Key_1 (Key_1)
-> Creating keys of the table PORTSETTINGS (PORTSETTINGS)...
-> Key : Key_1 (Key_1)
-> Creating keys of the table PORTTERMINALSERVER (PORTTERMINALSERVER)...
-> Key : Key_1 (Key_1)
-> Creating keys of the table PointAlarming (PointAlarming)...
-> Key : Key_PntAlar (Key_PntAlar)
-> Creating keys of the table PortStatistics (PortStatistics)...
-> Key : Key_1 (Key_1)
-> Creating keys of the table PortTiming (PortTiming)...
-> Key : Key_1 (Key_1)
-> Creating keys of the table RAWPOINTHISTORY (RAWPOINTHISTORY)...
-> Key : SYS_C0013322 (SYS_C0013322)
-> Creating keys of the table RepeaterRoute (RepeaterRoute)...
-> Key : Key_1 (Key_1)
-> Creating keys of the table Route (Route)...
-> Key : SYS_RoutePK (SYS_RoutePK)
-> Creating keys of the table STATE (STATE)...
-> Key : Key_State (Key_State)
-> Creating keys of the table STATEGROUP (STATEGROUP)...
-> Key : SYS_C0013128 (SYS_C0013128)
-> Creating keys of the table SYSTEMLOG (SYSTEMLOG)...
-> Key : SYS_C0013407 (SYS_C0013407)
-> Creating keys of the table SeasonSchedule (SeasonSchedule)...
-> Key : Key_SeasSchd (Key_SeasSchd)
-> Creating keys of the table TEMPLATE (TEMPLATE)...
-> Key : SYS_C0013425 (SYS_C0013425)
-> Creating keys of the table TEMPLATECOLUMNS (TEMPLATECOLUMNS)...
-> Key : Key_1 (Key_1)
-> Creating keys of the table UNITMEASURE (UNITMEASURE)...
-> Key : SYS_C0013344 (SYS_C0013344)
-> Creating keys of the table VersacomRoute (VersacomRoute)...
-> Key : Key_1 (Key_1)
-> Creating keys of the table YukonGroup (YukonGroup)...
-> Key : Key_CstLog (Key_CstLog)
-> Creating keys of the table YukonGroupRole (YukonGroupRole)...
-> Key : Key_CstLog (Key_CstLog)
-> Creating keys of the table YukonImage (YukonImage)...
-> Key : Key_1 (Key_1)
-> Creating keys of the table YukonListEntry (YukonListEntry)...
-> Key : PK_EvID (PK_EvID)
-> Creating keys of the table YukonPAObject (YukonPAObject)...
-> Key : PKey_PAOID (PKey_PAOID)
-> Creating keys of the table YukonRole (YukonRole)...
-> Key : Key_CstLog (Key_CstLog)
-> Creating keys of the table YukonRoleProperty (YukonRoleProperty)...
-> Key : Key_RolProp (Key_RolProp)
-> Creating keys of the table YukonSelectionList (YukonSelectionList)...
-> Key : PK_EvID (PK_EvID)
-> Creating keys of the table YukonUser (YukonUser)...
-> Key : Key_CstLog (Key_CstLog)
-> Creating keys of the table YukonUserGroup (YukonUserGroup)...
-> Key : Key_CstLog (Key_CstLog)
-> Creating keys of the table YukonUserRole (YukonUserRole)...
-> Key : Key_CstLog (Key_CstLog)
-> Creating keys of the table YukonWebConfiguration (YukonWebConfiguration)...
-> Key : PK_YkWbCnfg (PK_YkWbCnfg)
Generation successful

Usage:
  (1) Go to the directory D:\temp\
  (2) Run the database creation script:
        isql -U<username> -P<password>  < PK-SQLConstraints2-41.sql